{"level":"info","message":"⌛ Building environment","timeElapsed":300,"timestamp":"2026-04-15T23:21:53.729Z"}
{"level":"info","message":"⌛ Building environment","timeElapsed":146,"timestamp":"2026-04-15T23:21:53.884Z"}
{"level":"info","message":"⌛ Building environment","timeElapsed":157,"timestamp":"2026-04-15T23:21:54.045Z"}
{"level":"info","message":"⌛ Building environment","timeElapsed":118,"timestamp":"2026-04-15T23:21:54.164Z"}
{"level":"info","message":"⌛ Building environment","timeElapsed":127,"timestamp":"2026-04-15T23:21:54.292Z"}
{"level":"info","message":"⌛ Building environment","timeElapsed":116,"timestamp":"2026-04-15T23:21:54.410Z"}
{"level":"info","message":"⌛ Validating pepitaMain.wpgm","timeElapsed":116,"timestamp":"2026-04-15T23:21:54.630Z"}
{"level":"info","message":"⌛ Building environment","timeElapsed":110,"timestamp":"2026-04-15T23:21:54.744Z"}
{"level":"info","message":"⌛ Validating src/randomizer.wlk","timeElapsed":163,"timestamp":"2026-04-15T23:21:55.138Z"}
{"level":"info","message":"⌛ Validating src/pepita.wlk","timeElapsed":174,"timestamp":"2026-04-15T23:21:55.314Z"}
{"level":"info","message":"⌛ Validating pepitaMain.wpgm","timeElapsed":173,"timestamp":"2026-04-15T23:21:55.493Z"}
{"level":"info","message":"⌛ Validating src/comidas.wlk","timeElapsed":172,"timestamp":"2026-04-15T23:21:55.666Z"}
{"level":"info","message":"⌛ Validating src/pepitaTest.wtest","timeElapsed":142,"timestamp":"2026-04-15T23:21:55.808Z"}
{"level":"info","message":"⌛ Validating pepita.wlk","timeElapsed":211,"timestamp":"2026-04-15T23:22:46.256Z"}
{"error":["wollok.lang.EvaluationError: Error: Could not resolve reference to pepita","  at pepitaMain.PepitaGame [pepitaMain.wpgm:13]"],"level":"info","message":"🚀 Program executed \u001b[3m\u001b[34mpepitaMain.PepitaGame\u001b[39m\u001b[23m on \u001b[3m\u001b[34m/home/publico/Descargas/eljuegodepepita-TomasHRomero\u001b[39m\u001b[23m","ok":false,"timeElapsed":575,"timestamp":"2026-04-15T23:23:07.424Z"}
{"level":"info","message":"⌛ Validating pepita.wlk","timeElapsed":107,"timestamp":"2026-04-15T23:23:20.616Z"}
{"level":"info","message":"⌛ Building environment","timeElapsed":107,"timestamp":"2026-04-15T23:23:20.821Z"}
{"level":"info","message":"⌛ Building environment","timeElapsed":117,"timestamp":"2026-04-15T23:23:22.642Z"}
{"level":"info","message":"⌛ Building environment","timeElapsed":136,"timestamp":"2026-04-15T23:23:23.205Z"}
{"level":"info","message":"⌛ Building environment","timeElapsed":124,"timestamp":"2026-04-15T23:23:23.426Z"}
{"level":"info","message":"⌛ Validating pepita.wlk","timeElapsed":105,"timestamp":"2026-04-15T23:24:20.872Z"}
{"level":"info","message":"⌛ Building environment","timeElapsed":105,"timestamp":"2026-04-15T23:24:25.081Z"}
{"level":"info","message":"⌛ Validating pepita.wlk","timeElapsed":102,"timestamp":"2026-04-15T23:24:25.185Z"}
{"level":"info","message":"⌛ Building environment","timeElapsed":133,"timestamp":"2026-04-15T23:24:28.659Z"}
{"level":"info","message":"⌛ Building environment","timeElapsed":111,"timestamp":"2026-04-15T23:24:28.973Z"}
{"level":"info","message":"⌛ Building environment","timeElapsed":102,"timestamp":"2026-04-15T23:24:29.277Z"}
{"level":"info","message":"⌛ Building environment","timeElapsed":104,"timestamp":"2026-04-15T23:24:30.189Z"}
{"level":"info","message":"⌛ Building environment","timeElapsed":124,"timestamp":"2026-04-15T23:24:30.355Z"}
{"level":"info","message":"⌛ Building environment","timeElapsed":112,"timestamp":"2026-04-15T23:24:33.331Z"}
{"level":"info","message":"⌛ Validating pepita.wlk","timeElapsed":148,"timestamp":"2026-04-15T23:24:35.700Z"}
{"level":"info","message":"⌛ Building environment","timeElapsed":147,"timestamp":"2026-04-15T23:24:35.850Z"}
{"level":"info","message":"⌛ Validating pepita.wlk","timeElapsed":137,"timestamp":"2026-04-15T23:24:36.005Z"}
{"level":"info","message":"⌛ Building environment","timeElapsed":113,"timestamp":"2026-04-15T23:24:37.568Z"}
{"level":"info","message":"⌛ Building environment","timeElapsed":107,"timestamp":"2026-04-15T23:24:43.468Z"}
{"level":"info","message":"⌛ Building environment","timeElapsed":132,"timestamp":"2026-04-15T23:24:46.716Z"}
{"level":"info","message":"⌛ Building environment","timeElapsed":113,"timestamp":"2026-04-15T23:24:50.105Z"}
{"level":"info","message":"⌛ Building environment","timeElapsed":110,"timestamp":"2026-04-15T23:24:50.313Z"}
{"level":"info","message":"⌛ Building environment","timeElapsed":101,"timestamp":"2026-04-15T23:24:54.556Z"}
{"level":"info","message":"⌛ Building environment","timeElapsed":129,"timestamp":"2026-04-15T23:24:58.544Z"}
{"level":"info","message":"⌛ Building environment","timeElapsed":147,"timestamp":"2026-04-15T23:25:00.193Z"}
{"level":"error","message":"✘ Failed to rebuild document Failed to parse pepita.wlk: \n-- PARSING FAILED --------------------------------------------------\n\n  4 |   method () = \n  5 | \n> 6 | }\n    | ^\n\nExpected one of the following: \n\n'@', 'class', 'const', 'describe', 'mixin', 'object', 'only', 'package', 'program', 'test', 'var', '{', EOF, comment, not \"}\", whitespace\n","stack":"Error: Failed to parse pepita.wlk: \n-- PARSING FAILED --------------------------------------------------\n\n  4 |   method () = \n  5 | \n> 6 | }\n    | ^\n\nExpected one of the following: \n\n'@', 'class', 'const', 'describe', 'mixin', 'object', 'only', 'package', 'program', 'test', 'var', '{', EOF, comment, not \"}\", whitespace\n\n    at /home/publico/.var/app/com.visualstudio.code/data/vscode/extensions/uqbar.wollok-lsp-ide-0.5.4/out/server/src/server.js:2353:13026\n    at Array.map (<anonymous>)\n    at U1n (/home/publico/.var/app/com.visualstudio.code/data/vscode/extensions/uqbar.wollok-lsp-ide-0.5.4/out/server/src/server.js:2353:12950)\n    at H2.buildEnvironmentFrom (/home/publico/.var/app/com.visualstudio.code/data/vscode/extensions/uqbar.wollok-lsp-ide-0.5.4/out/server/src/server.js:2398:5254)\n    at H2.updateEnvironmentWith (/home/publico/.var/app/com.visualstudio.code/data/vscode/extensions/uqbar.wollok-lsp-ide-0.5.4/out/server/src/server.js:2398:4989)\n    at GF (/home/publico/.var/app/com.visualstudio.code/data/vscode/extensions/uqbar.wollok-lsp-ide-0.5.4/out/server/src/server.js:2398:7383)\n    at V3.invoke (/home/publico/.var/app/com.visualstudio.code/data/vscode/extensions/uqbar.wollok-lsp-ide-0.5.4/out/server/src/server.js:3:157328)\n    at o.fire (/home/publico/.var/app/com.visualstudio.code/data/vscode/extensions/uqbar.wollok-lsp-ide-0.5.4/out/server/src/server.js:3:158098)\n    at /home/publico/.var/app/com.visualstudio.code/data/vscode/extensions/uqbar.wollok-lsp-ide-0.5.4/out/server/src/server.js:37:57871\n    at nd (/home/publico/.var/app/com.visualstudio.code/data/vscode/extensions/uqbar.wollok-lsp-ide-0.5.4/out/server/src/server.js:8:1561)","timestamp":"2026-04-15T23:25:04.790Z"}
{"level":"info","message":"⌛ Building environment","timeElapsed":113,"timestamp":"2026-04-15T23:25:07.364Z"}
{"level":"info","message":"⌛ Building environment","timeElapsed":107,"timestamp":"2026-04-15T23:25:07.673Z"}
{"level":"info","message":"⌛ Building environment","timeElapsed":137,"timestamp":"2026-04-15T23:25:09.757Z"}
{"level":"info","message":"⌛ Building environment","timeElapsed":123,"timestamp":"2026-04-15T23:25:09.977Z"}
{"error":["wollok.lang.EvaluationError: TypeError: Message addVisual: positionable lacks a position message","  at pepitaMain.PepitaGame [pepitaMain.wpgm:13]"],"level":"info","message":"🚀 Program executed \u001b[3m\u001b[34mpepitaMain.PepitaGame\u001b[39m\u001b[23m on \u001b[3m\u001b[34m/home/publico/Descargas/eljuegodepepita-TomasHRomero\u001b[39m\u001b[23m","ok":false,"timeElapsed":575,"timestamp":"2026-04-15T23:26:09.683Z"}
{"level":"info","message":"⌛ Building environment","timeElapsed":140,"timestamp":"2026-04-15T23:27:13.980Z"}
{"level":"info","message":"⌛ Building environment","timeElapsed":116,"timestamp":"2026-04-15T23:27:55.658Z"}
{"level":"info","message":"⌛ Validating pepita.wlk","timeElapsed":103,"timestamp":"2026-04-15T23:27:55.816Z"}
{"level":"info","message":"⌛ Building environment","timeElapsed":118,"timestamp":"2026-04-15T23:27:55.936Z"}
{"level":"info","message":"⌛ Building environment","timeElapsed":104,"timestamp":"2026-04-15T23:27:56.079Z"}
{"level":"info","message":"⌛ Building environment","timeElapsed":114,"timestamp":"2026-04-15T23:27:56.731Z"}
{"level":"info","message":"⌛ Validating pepita.wlk","timeElapsed":103,"timestamp":"2026-04-15T23:27:56.980Z"}
{"level":"error","message":"✘ Failed to get type description: Error: Failed to print, found malformed node Failed to print, found malformed node","node":{"id":"7fa6234f-609b-4857-ad03-a1b7dced9972","members":[{"id":"f360afc8-8277-4c68-857f-cb734cb4cd9d","isConstant":false,"isProperty":true,"metadata":[],"name":"position","scope":{"containerScope":{"containerScope":{"containerScope":{"contributions":{},"includedScopes":[]},"contributions":{},"includedScopes":[]},"contributions":{},"includedScopes":[{"containerScope":{"containerScope":{"containerScope":{"contributions":{},"includedScopes":[]},"contributions":{},"includedScopes":[]},"contributions":{},"includedScopes":[]},"contributions":{},"includedScopes":[]}]},"contributions":{},"includedScopes":[]},"sourceMap":{"end":{"column":40,"line":2,"offset":55},"start":{"column":3,"line":2,"offset":18}},"value":{"args":[{"id":"fa5f631e-1a1a-49c0-bc03-f785c5bf7cd1","metadata":[],"scope":{"containerScope":{"containerScope":{"containerScope":{"containerScope":{"containerScope":{"contributions":{},"includedScopes":[]},"contributions":{},"includedScopes":[]},"contributions":{},"includedScopes":[{"containerScope":{"containerScope":{"containerScope":{"contributions":{},"includedScopes":[]},"contributions":{},"includedScopes":[]},"contributions":{},"includedScopes":[]},"contributions":{},"includedScopes":[]}]},"contributions":{},"includedScopes":[]},"contributions":{},"includedScopes":[]},"contributions":{},"includedScopes":[]},"sourceMap":{"end":{"column":36,"line":2,"offset":51},"start":{"column":35,"line":2,"offset":50}},"value":3},{"id":"0a16e123-2a8c-4591-8ce0-3387e587c305","metadata":[],"scope":{"containerScope":{"containerScope":{"containerScope":{"containerScope":{"containerScope":{"contributions":{},"includedScopes":[]},"contributions":{},"includedScopes":[]},"contributions":{},"includedScopes":[{"containerScope":{"containerScope":{"containerScope":{"contributions":{},"includedScopes":[]},"contributions":{},"includedScopes":[]},"contributions":{},"includedScopes":[]},"contributions":{},"includedScopes":[]}]},"contributions":{},"includedScopes":[]},"contributions":{},"includedScopes":[]},"contributions":{},"includedScopes":[]},"sourceMap":{"end":{"column":39,"line":2,"offset":54},"start":{"column":38,"line":2,"offset":53}},"value":3}],"id":"21f1b17e-a9c7-4a15-ad3c-351f791fb916","message":"at","metadata":[],"receiver":{"id":"a9e30e07-f8cc-4e8d-861d-6d25070d3854","metadata":[],"name":"game","scope":{"containerScope":{"containerScope":{"containerScope":{"containerScope":{"containerScope":{"contributions":{},"includedScopes":[]},"contributions":{},"includedScopes":[]},"contributions":{},"includedScopes":[{"containerScope":{"containerScope":{"containerScope":{"contributions":{},"includedScopes":[]},"contributions":{},"includedScopes":[]},"contributions":{},"includedScopes":[]},"contributions":{},"includedScopes":[]}]},"contributions":{},"includedScopes":[]},"contributions":{},"includedScopes":[]},"contributions":{},"includedScopes":[]},"sourceMap":{"end":{"column":31,"line":2,"offset":46},"start":{"column":27,"line":2,"offset":42}}},"scope":{"containerScope":{"containerScope":{"containerScope":{"containerScope":{"contributions":{},"includedScopes":[]},"contributions":{},"includedScopes":[]},"contributions":{},"includedScopes":[{"containerScope":{"containerScope":{"containerScope":{"contributions":{},"includedScopes":[]},"contributions":{},"includedScopes":[]},"contributions":{},"includedScopes":[]},"contributions":{},"includedScopes":[]}]},"contributions":{},"includedScopes":[]},"contributions":{},"includedScopes":[]},"sourceMap":{"end":{"column":40,"line":2,"offset":55},"start":{"column":27,"line":2,"offset":42}}}},{"compiled":false,"id":"def6f368-7518-4f42-bbd2-4d574cf07339","isOverride":false,"metadata":[],"name":"image","parameters":[],"problems":[],"scope":{"containerScope":{"containerScope":{"containerScope":{"contributions":{},"includedScopes":[]},"contributions":{},"includedScopes":[]},"contributions":{},"includedScopes":[{"containerScope":{"containerScope":{"containerScope":{"contributions":{},"includedScopes":[]},"contributions":{},"includedScopes":[]},"contributions":{},"includedScopes":[]},"contributions":{},"includedScopes":[]}]},"contributions":{},"includedScopes":[]},"sourceMap":{"end":{"column":17,"line":4,"offset":73},"start":{"column":3,"line":4,"offset":59}}},{"body":{"id":"06e6a125-5caa-42bd-b079-f0087dfd3b66","metadata":[],"scope":{"containerScope":{"containerScope":{"containerScope":{"containerScope":{"contributions":{},"includedScopes":[]},"contributions":{},"includedScopes":[]},"contributions":{},"includedScopes":[{"containerScope":{"containerScope":{"containerScope":{"contributions":{},"includedScopes":[]},"contributions":{},"includedScopes":[]},"contributions":{},"includedScopes":[]},"contributions":{},"includedScopes":[]}]},"contributions":{},"includedScopes":[]},"contributions":{},"includedScopes":[]},"sentences":[{"id":"04cddfc5-c4c3-4491-9124-6e6033b96965","metadata":[],"scope":{"containerScope":{"containerScope":{"containerScope":{"containerScope":{"containerScope":{"contributions":{},"includedScopes":[]},"contributions":{},"includedScopes":[]},"contributions":{},"includedScopes":[{"containerScope":{"containerScope":{"containerScope":{"contributions":{},"includedScopes":[]},"contributions":{},"includedScopes":[]},"contributions":{},"includedScopes":[]},"contributions":{},"includedScopes":[]}]},"contributions":{},"includedScopes":[]},"contributions":{},"includedScopes":[]},"contributions":{},"includedScopes":[]},"value":{"id":"d8055642-d52b-475b-a666-43f88ed2745f","metadata":[],"name":"position","scope":{"containerScope":{"containerScope":{"containerScope":{"containerScope":{"containerScope":{"containerScope":{"contributions":{},"includedScopes":[]},"contributions":{},"includedScopes":[]},"contributions":{},"includedScopes":[{"containerScope":{"containerScope":{"containerScope":{"contributions":{},"includedScopes":[]},"contributions":{},"includedScopes":[]},"contributions":{},"includedScopes":[]},"contributions":{},"includedScopes":[]}]},"contributions":{},"includedScopes":[]},"contributions":{},"includedScopes":[]},"contributions":{},"includedScopes":[]},"contributions":{},"includedScopes":[]}}}]},"compiled":false,"id":"4c548255-59cd-4106-baae-0443f54f7ad6","isOverride":false,"metadata":[],"name":"position","parameters":[],"scope":{"containerScope":{"containerScope":{"containerScope":{"contributions":{},"includedScopes":[]},"contributions":{},"includedScopes":[]},"contributions":{},"includedScopes":[{"containerScope":{"containerScope":{"containerScope":{"contributions":{},"includedScopes":[]},"contributions":{},"includedScopes":[]},"contributions":{},"includedScopes":[]},"contributions":{},"includedScopes":[]}]},"contributions":{},"includedScopes":[]}},{"body":{"id":"15f637e3-8b0a-4ad7-9595-f62127941c74","metadata":[],"scope":{"containerScope":{"containerScope":{"containerScope":{"containerScope":{"contributions":{},"includedScopes":[]},"contributions":{},"includedScopes":[]},"contributions":{},"includedScopes":[{"containerScope":{"containerScope":{"containerScope":{"contributions":{},"includedScopes":[]},"contributions":{},"includedScopes":[]},"contributions":{},"includedScopes":[]},"contributions":{},"includedScopes":[]}]},"contributions":{},"includedScopes":[]},"contributions":{},"includedScopes":[]},"sentences":[{"id":"2723a236-dbdb-4891-99e5-7c2f3ac204bf","metadata":[],"scope":{"containerScope":{"containerScope":{"containerScope":{"containerScope":{"containerScope":{"contributions":{},"includedScopes":[]},"contributions":{},"includedScopes":[]},"contributions":{},"includedScopes":[{"containerScope":{"containerScope":{"containerScope":{"contributions":{},"includedScopes":[]},"contributions":{},"includedScopes":[]},"contributions":{},"includedScopes":[]},"contributions":{},"includedScopes":[]}]},"contributions":{},"includedScopes":[]},"contributions":{},"includedScopes":[]},"contributions":{},"includedScopes":[]},"value":{"id":"074cc038-0c4e-4877-a142-9b885cefae8c","metadata":[],"name":"<value>","scope":{"containerScope":{"containerScope":{"containerScope":{"containerScope":{"containerScope":{"containerScope":{"contributions":{},"includedScopes":[]},"contributions":{},"includedScopes":[]},"contributions":{},"includedScopes":[{"containerScope":{"containerScope":{"containerScope":{"contributions":{},"includedScopes":[]},"contributions":{},"includedScopes":[]},"contributions":{},"includedScopes":[]},"contributions":{},"includedScopes":[]}]},"contributions":{},"includedScopes":[]},"contributions":{},"includedScopes":[]},"contributions":{},"includedScopes":[]},"contributions":{},"includedScopes":[]}},"variable":{"id":"a452c872-c670-426d-a8f1-9c5d3943fef6","metadata":[],"name":"position","scope":{"containerScope":{"containerScope":{"containerScope":{"containerScope":{"containerScope":{"containerScope":{"contributions":{},"includedScopes":[]},"contributions":{},"includedScopes":[]},"contributions":{},"includedScopes":[{"containerScope":{"containerScope":{"containerScope":{"contributions":{},"includedScopes":[]},"contributions":{},"includedScopes":[]},"contributions":{},"includedScopes":[]},"contributions":{},"includedScopes":[]}]},"contributions":{},"includedScopes":[]},"contributions":{},"includedScopes":[]},"contributions":{},"includedScopes":[]},"contributions":{},"includedScopes":[]}}}]},"compiled":false,"id":"1d644748-2d4a-497c-a1a8-98d199ec6bad","isOverride":false,"metadata":[],"name":"position","parameters":[{"id":"f076cfd2-3b2e-4a8d-b16a-d0f8e2fd2074","isVarArg":false,"metadata":[],"name":"<value>","scope":{"containerScope":{"containerScope":{"containerScope":{"containerScope":{"contributions":{},"includedScopes":[]},"contributions":{},"includedScopes":[]},"contributions":{},"includedScopes":[{"containerScope":{"containerScope":{"containerScope":{"contributions":{},"includedScopes":[]},"contributions":{},"includedScopes":[]},"contributions":{},"includedScopes":[]},"contributions":{},"includedScopes":[]}]},"contributions":{},"includedScopes":[]},"contributions":{},"includedScopes":[]}}],"scope":{"containerScope":{"containerScope":{"containerScope":{"contributions":{},"includedScopes":[]},"contributions":{},"includedScopes":[]},"contributions":{},"includedScopes":[{"containerScope":{"containerScope":{"containerScope":{"contributions":{},"includedScopes":[]},"contributions":{},"includedScopes":[]},"contributions":{},"includedScopes":[]},"contributions":{},"includedScopes":[]}]},"contributions":{},"includedScopes":[]}}],"metadata":[],"name":"pepita","problems":[{"code":"malformedMember","sourceMap":{"end":{"column":19,"line":4,"offset":75},"start":{"column":18,"line":4,"offset":74}}}],"scope":{"containerScope":{"containerScope":{"contributions":{},"includedScopes":[]},"contributions":{},"includedScopes":[]},"contributions":{},"includedScopes":[{"containerScope":{"containerScope":{"containerScope":{"contributions":{},"includedScopes":[]},"contributions":{},"includedScopes":[]},"contributions":{},"includedScopes":[]},"contributions":{},"includedScopes":[]}]},"sourceMap":{"end":{"column":2,"line":6,"offset":79},"start":{"column":1,"line":1,"offset":0}},"supertypes":[]},"stack":"Error: Failed to print, found malformed node\n    at /home/publico/.var/app/com.visualstudio.code/data/vscode/extensions/uqbar.wollok-lsp-ide-0.5.4/out/server/src/server.js:68:3585\n    at Kbn (/home/publico/.var/app/com.visualstudio.code/data/vscode/extensions/uqbar.wollok-lsp-ide-0.5.4/out/server/src/server.js:68:3396)\n    at /home/publico/.var/app/com.visualstudio.code/data/vscode/extensions/uqbar.wollok-lsp-ide-0.5.4/out/server/src/server.js:2398:847\n    at /home/publico/.var/app/com.visualstudio.code/data/vscode/extensions/uqbar.wollok-lsp-ide-0.5.4/out/server/src/server.js:2398:8440\n    at /home/publico/.var/app/com.visualstudio.code/data/vscode/extensions/uqbar.wollok-lsp-ide-0.5.4/out/server/src/server.js:37:74770\n    at Ke (/home/publico/.var/app/com.visualstudio.code/data/vscode/extensions/uqbar.wollok-lsp-ide-0.5.4/out/server/src/server.js:7:8527)\n    at Lt (/home/publico/.var/app/com.visualstudio.code/data/vscode/extensions/uqbar.wollok-lsp-ide-0.5.4/out/server/src/server.js:7:6189)\n    at ct (/home/publico/.var/app/com.visualstudio.code/data/vscode/extensions/uqbar.wollok-lsp-ide-0.5.4/out/server/src/server.js:7:6378)\n    at Immediate._onImmediate (/home/publico/.var/app/com.visualstudio.code/data/vscode/extensions/uqbar.wollok-lsp-ide-0.5.4/out/server/src/server.js:7:6142)\n    at process.processImmediate (node:internal/timers:485:21)","timestamp":"2026-04-15T23:28:01.946Z"}
{"level":"info","message":"⌛ Building environment","timeElapsed":113,"timestamp":"2026-04-15T23:28:14.244Z"}
{"level":"info","message":"⌛ Building environment","timeElapsed":104,"timestamp":"2026-04-15T23:28:14.555Z"}
{"level":"info","message":"⌛ Building environment","timeElapsed":106,"timestamp":"2026-04-15T23:28:14.889Z"}
{"level":"info","message":"⌛ Building environment","timeElapsed":107,"timestamp":"2026-04-15T23:28:15.672Z"}
{"level":"info","message":"⌛ Validating pepita.wlk","timeElapsed":140,"timestamp":"2026-04-15T23:28:17.134Z"}
{"level":"info","message":"⌛ Validating silvestre.wlk","timeElapsed":218,"timestamp":"2026-04-15T23:28:51.233Z"}
{"level":"info","message":"⌛ Building environment","timeElapsed":110,"timestamp":"2026-04-15T23:28:51.345Z"}
{"level":"info","message":"⌛ Validating silvestre.wlk","timeElapsed":196,"timestamp":"2026-04-15T23:28:51.563Z"}
{"level":"info","message":"⌛ Building environment","timeElapsed":103,"timestamp":"2026-04-15T23:29:10.103Z"}
{"level":"info","message":"⌛ Building environment","timeElapsed":111,"timestamp":"2026-04-15T23:29:11.599Z"}
{"level":"info","message":"⌛ Building environment","timeElapsed":109,"timestamp":"2026-04-15T23:29:12.317Z"}
{"level":"info","message":"⌛ Building environment","timeElapsed":102,"timestamp":"2026-04-15T23:29:13.716Z"}
{"level":"info","message":"⌛ Validating silvestre.wlk","timeElapsed":106,"timestamp":"2026-04-15T23:29:13.823Z"}
{"level":"info","message":"⌛ Building environment","timeElapsed":102,"timestamp":"2026-04-15T23:29:13.926Z"}
{"level":"info","message":"⌛ Building environment","timeElapsed":112,"timestamp":"2026-04-15T23:29:14.468Z"}
{"level":"info","message":"⌛ Building environment","timeElapsed":117,"timestamp":"2026-04-15T23:29:14.862Z"}
{"level":"info","message":"⌛ Building environment","timeElapsed":124,"timestamp":"2026-04-15T23:29:15.519Z"}
{"level":"info","message":"⌛ Building environment","timeElapsed":123,"timestamp":"2026-04-15T23:35:45.027Z"}
{"level":"info","message":"⌛ Validating pepitaMain.wpgm","timeElapsed":244,"timestamp":"2026-04-15T23:35:45.296Z"}
{"level":"info","message":"⌛ Building environment","timeElapsed":134,"timestamp":"2026-04-15T23:38:00.333Z"}
{"level":"info","message":"⌛ Building environment","timeElapsed":112,"timestamp":"2026-04-15T23:38:00.764Z"}
{"level":"info","message":"⌛ Validating silvestre.wlk","timeElapsed":102,"timestamp":"2026-04-15T23:38:00.869Z"}
{"level":"info","message":"⌛ Building environment","timeElapsed":109,"timestamp":"2026-04-15T23:38:03.009Z"}
{"level":"info","message":"⌛ Validating silvestre.wlk","timeElapsed":107,"timestamp":"2026-04-15T23:38:03.118Z"}
{"level":"info","message":"⌛ Building environment","timeElapsed":102,"timestamp":"2026-04-15T23:38:07.017Z"}
{"level":"info","message":"⌛ Validating silvestre.wlk","timeElapsed":123,"timestamp":"2026-04-15T23:38:07.231Z"}
{"level":"info","message":"⌛ Validating silvestre.wlk","timeElapsed":116,"timestamp":"2026-04-15T23:38:07.620Z"}
{"level":"info","message":"⌛ Building environment","timeElapsed":118,"timestamp":"2026-04-15T23:38:07.740Z"}
{"level":"info","message":"⌛ Building environment","timeElapsed":110,"timestamp":"2026-04-15T23:38:08.034Z"}
{"level":"info","message":"⌛ Building environment","timeElapsed":120,"timestamp":"2026-04-15T23:38:08.256Z"}
{"level":"info","message":"⌛ Building environment","timeElapsed":104,"timestamp":"2026-04-15T23:38:16.148Z"}
{"level":"info","message":"⌛ Building environment","timeElapsed":119,"timestamp":"2026-04-15T23:38:16.901Z"}
{"level":"info","message":"⌛ Building environment","timeElapsed":112,"timestamp":"2026-04-15T23:38:17.015Z"}
{"level":"error","message":"✘ Failed to rebuild document Failed to parse silvestre.wlk: \n-- PARSING FAILED --------------------------------------------------\n\n  5 |   method image() = \"silvestre.png\"\n  6 | \n> 7 | }\n    | ^\n\nExpected one of the following: \n\n'@', 'class', 'const', 'describe', 'mixin', 'object', 'only', 'package', 'program', 'test', 'var', '{', EOF, comment, not \"}\", whitespace\n","stack":"Error: Failed to parse silvestre.wlk: \n-- PARSING FAILED --------------------------------------------------\n\n  5 |   method image() = \"silvestre.png\"\n  6 | \n> 7 | }\n    | ^\n\nExpected one of the following: \n\n'@', 'class', 'const', 'describe', 'mixin', 'object', 'only', 'package', 'program', 'test', 'var', '{', EOF, comment, not \"}\", whitespace\n\n    at /home/publico/.var/app/com.visualstudio.code/data/vscode/extensions/uqbar.wollok-lsp-ide-0.5.4/out/server/src/server.js:2353:13026\n    at Array.map (<anonymous>)\n    at U1n (/home/publico/.var/app/com.visualstudio.code/data/vscode/extensions/uqbar.wollok-lsp-ide-0.5.4/out/server/src/server.js:2353:12950)\n    at H2.buildEnvironmentFrom (/home/publico/.var/app/com.visualstudio.code/data/vscode/extensions/uqbar.wollok-lsp-ide-0.5.4/out/server/src/server.js:2398:5254)\n    at H2.updateEnvironmentWith (/home/publico/.var/app/com.visualstudio.code/data/vscode/extensions/uqbar.wollok-lsp-ide-0.5.4/out/server/src/server.js:2398:4989)\n    at GF (/home/publico/.var/app/com.visualstudio.code/data/vscode/extensions/uqbar.wollok-lsp-ide-0.5.4/out/server/src/server.js:2398:7383)\n    at V3.invoke (/home/publico/.var/app/com.visualstudio.code/data/vscode/extensions/uqbar.wollok-lsp-ide-0.5.4/out/server/src/server.js:3:157328)\n    at o.fire (/home/publico/.var/app/com.visualstudio.code/data/vscode/extensions/uqbar.wollok-lsp-ide-0.5.4/out/server/src/server.js:3:158098)\n    at /home/publico/.var/app/com.visualstudio.code/data/vscode/extensions/uqbar.wollok-lsp-ide-0.5.4/out/server/src/server.js:37:57871\n    at nd (/home/publico/.var/app/com.visualstudio.code/data/vscode/extensions/uqbar.wollok-lsp-ide-0.5.4/out/server/src/server.js:8:1561)","timestamp":"2026-04-15T23:38:22.078Z"}
{"level":"info","message":"⌛ Building environment","timeElapsed":102,"timestamp":"2026-04-15T23:38:25.254Z"}
{"level":"info","message":"⌛ Validating silvestre.wlk","timeElapsed":101,"timestamp":"2026-04-15T23:38:25.387Z"}
{"level":"info","message":"⌛ Building environment","timeElapsed":101,"timestamp":"2026-04-15T23:38:25.489Z"}
{"level":"info","message":"⌛ Building environment","timeElapsed":109,"timestamp":"2026-04-15T23:38:26.346Z"}
{"level":"info","message":"⌛ Building environment","timeElapsed":143,"timestamp":"2026-04-15T23:38:26.527Z"}
{"level":"info","message":"⌛ Building environment","timeElapsed":115,"timestamp":"2026-04-15T23:38:27.515Z"}
{"level":"info","message":"⌛ Building environment","timeElapsed":127,"timestamp":"2026-04-15T23:38:27.969Z"}
{"level":"info","message":"⌛ Building environment","timeElapsed":129,"timestamp":"2026-04-15T23:39:05.148Z"}
{"level":"info","message":"⌛ Building environment","timeElapsed":107,"timestamp":"2026-04-15T23:39:05.367Z"}
{"level":"info","message":"⌛ Building environment","timeElapsed":102,"timestamp":"2026-04-15T23:39:06.248Z"}
{"level":"info","message":"⌛ Validating silvestre.wlk","timeElapsed":172,"timestamp":"2026-04-15T23:39:07.455Z"}
{"level":"info","message":"⌛ Building environment","timeElapsed":142,"timestamp":"2026-04-15T23:39:07.787Z"}
{"level":"info","message":"⌛ Building environment","timeElapsed":110,"timestamp":"2026-04-15T23:39:10.662Z"}
{"level":"info","message":"⌛ Building environment","timeElapsed":107,"timestamp":"2026-04-15T23:39:15.149Z"}
{"level":"error","message":"✘ Completions for node Send ([3:27, 3:40] - silvestre.wlk) failed: Error: [Send]{d5b5d1} at silvestre.wlk:3 exhausted all cases without a match [Send]{d5b5d1} at silvestre.wlk:3 exhausted all cases without a match","stack":"Error: [Send]{d5b5d1} at silvestre.wlk:3 exhausted all cases without a match\n    at /home/publico/.var/app/com.visualstudio.code/data/vscode/extensions/uqbar.wollok-lsp-ide-0.5.4/out/server/src/server.js:38:6142\n    at L2 (/home/publico/.var/app/com.visualstudio.code/data/vscode/extensions/uqbar.wollok-lsp-ide-0.5.4/out/server/src/server.js:2389:42)\n    at Jh (/home/publico/.var/app/com.visualstudio.code/data/vscode/extensions/uqbar.wollok-lsp-ide-0.5.4/out/server/src/server.js:2389:1092)\n    at M5n (/home/publico/.var/app/com.visualstudio.code/data/vscode/extensions/uqbar.wollok-lsp-ide-0.5.4/out/server/src/server.js:2389:1248)\n    at /home/publico/.var/app/com.visualstudio.code/data/vscode/extensions/uqbar.wollok-lsp-ide-0.5.4/out/server/src/server.js:38:6131\n    at L2 (/home/publico/.var/app/com.visualstudio.code/data/vscode/extensions/uqbar.wollok-lsp-ide-0.5.4/out/server/src/server.js:2389:42)\n    at /home/publico/.var/app/com.visualstudio.code/data/vscode/extensions/uqbar.wollok-lsp-ide-0.5.4/out/server/src/server.js:2389:2988\n    at /home/publico/.var/app/com.visualstudio.code/data/vscode/extensions/uqbar.wollok-lsp-ide-0.5.4/out/server/src/server.js:2398:8440\n    at /home/publico/.var/app/com.visualstudio.code/data/vscode/extensions/uqbar.wollok-lsp-ide-0.5.4/out/server/src/server.js:37:74872\n    at Ke (/home/publico/.var/app/com.visualstudio.code/data/vscode/extensions/uqbar.wollok-lsp-ide-0.5.4/out/server/src/server.js:7:8527)","timestamp":"2026-04-15T23:39:15.181Z"}
{"level":"info","message":"⌛ Building environment","timeElapsed":105,"timestamp":"2026-04-15T23:39:15.485Z"}
{"level":"info","message":"⌛ Building environment","timeElapsed":101,"timestamp":"2026-04-15T23:39:15.783Z"}
{"level":"error","message":"✘ Completions for node Send ([3:27, 3:43] - silvestre.wlk) failed: Error: [Send]{284382} at silvestre.wlk:3 exhausted all cases without a match [Send]{284382} at silvestre.wlk:3 exhausted all cases without a match","stack":"Error: [Send]{284382} at silvestre.wlk:3 exhausted all cases without a match\n    at /home/publico/.var/app/com.visualstudio.code/data/vscode/extensions/uqbar.wollok-lsp-ide-0.5.4/out/server/src/server.js:38:6142\n    at L2 (/home/publico/.var/app/com.visualstudio.code/data/vscode/extensions/uqbar.wollok-lsp-ide-0.5.4/out/server/src/server.js:2389:42)\n    at Jh (/home/publico/.var/app/com.visualstudio.code/data/vscode/extensions/uqbar.wollok-lsp-ide-0.5.4/out/server/src/server.js:2389:1092)\n    at M5n (/home/publico/.var/app/com.visualstudio.code/data/vscode/extensions/uqbar.wollok-lsp-ide-0.5.4/out/server/src/server.js:2389:1248)\n    at /home/publico/.var/app/com.visualstudio.code/data/vscode/extensions/uqbar.wollok-lsp-ide-0.5.4/out/server/src/server.js:38:6131\n    at L2 (/home/publico/.var/app/com.visualstudio.code/data/vscode/extensions/uqbar.wollok-lsp-ide-0.5.4/out/server/src/server.js:2389:42)\n    at /home/publico/.var/app/com.visualstudio.code/data/vscode/extensions/uqbar.wollok-lsp-ide-0.5.4/out/server/src/server.js:2389:2988\n    at /home/publico/.var/app/com.visualstudio.code/data/vscode/extensions/uqbar.wollok-lsp-ide-0.5.4/out/server/src/server.js:2398:8440\n    at /home/publico/.var/app/com.visualstudio.code/data/vscode/extensions/uqbar.wollok-lsp-ide-0.5.4/out/server/src/server.js:37:74872\n    at Ke (/home/publico/.var/app/com.visualstudio.code/data/vscode/extensions/uqbar.wollok-lsp-ide-0.5.4/out/server/src/server.js:7:8527)","timestamp":"2026-04-15T23:39:15.823Z"}
{"level":"error","message":"✘ Completions for node Send ([3:27, 3:44] - silvestre.wlk) failed: Error: [Send]{0ccc13} at silvestre.wlk:3 exhausted all cases without a match [Send]{0ccc13} at silvestre.wlk:3 exhausted all cases without a match","stack":"Error: [Send]{0ccc13} at silvestre.wlk:3 exhausted all cases without a match\n    at /home/publico/.var/app/com.visualstudio.code/data/vscode/extensions/uqbar.wollok-lsp-ide-0.5.4/out/server/src/server.js:38:6142\n    at L2 (/home/publico/.var/app/com.visualstudio.code/data/vscode/extensions/uqbar.wollok-lsp-ide-0.5.4/out/server/src/server.js:2389:42)\n    at Jh (/home/publico/.var/app/com.visualstudio.code/data/vscode/extensions/uqbar.wollok-lsp-ide-0.5.4/out/server/src/server.js:2389:1092)\n    at M5n (/home/publico/.var/app/com.visualstudio.code/data/vscode/extensions/uqbar.wollok-lsp-ide-0.5.4/out/server/src/server.js:2389:1248)\n    at /home/publico/.var/app/com.visualstudio.code/data/vscode/extensions/uqbar.wollok-lsp-ide-0.5.4/out/server/src/server.js:38:6131\n    at L2 (/home/publico/.var/app/com.visualstudio.code/data/vscode/extensions/uqbar.wollok-lsp-ide-0.5.4/out/server/src/server.js:2389:42)\n    at /home/publico/.var/app/com.visualstudio.code/data/vscode/extensions/uqbar.wollok-lsp-ide-0.5.4/out/server/src/server.js:2389:2988\n    at /home/publico/.var/app/com.visualstudio.code/data/vscode/extensions/uqbar.wollok-lsp-ide-0.5.4/out/server/src/server.js:2398:8440\n    at /home/publico/.var/app/com.visualstudio.code/data/vscode/extensions/uqbar.wollok-lsp-ide-0.5.4/out/server/src/server.js:37:74872\n    at Ke (/home/publico/.var/app/com.visualstudio.code/data/vscode/extensions/uqbar.wollok-lsp-ide-0.5.4/out/server/src/server.js:7:8527)","timestamp":"2026-04-15T23:39:16.735Z"}
{"level":"info","message":"⌛ Building environment","timeElapsed":118,"timestamp":"2026-04-15T23:39:16.854Z"}
{"level":"info","message":"⌛ Building environment","timeElapsed":108,"timestamp":"2026-04-15T23:39:18.229Z"}
{"level":"info","message":"⌛ Validating silvestre.wlk","timeElapsed":152,"timestamp":"2026-04-15T23:39:18.424Z"}
{"level":"info","message":"⌛ Building environment","timeElapsed":108,"timestamp":"2026-04-15T23:39:18.533Z"}
{"level":"info","message":"⌛ Validating silvestre.wlk","timeElapsed":111,"timestamp":"2026-04-15T23:39:18.652Z"}
{"level":"info","message":"⌛ Building environment","timeElapsed":119,"timestamp":"2026-04-15T23:39:18.777Z"}
{"level":"info","message":"⌛ Building environment","timeElapsed":110,"timestamp":"2026-04-15T23:39:18.887Z"}
{"level":"info","message":"⌛ Building environment","timeElapsed":117,"timestamp":"2026-04-15T23:39:31.915Z"}
{"level":"info","message":"⌛ Building environment","timeElapsed":117,"timestamp":"2026-04-15T23:39:44.164Z"}
{"level":"info","message":"⌛ Validating silvestre.wlk","timeElapsed":104,"timestamp":"2026-04-15T23:39:44.301Z"}
{"level":"info","message":"⌛ Building environment","timeElapsed":123,"timestamp":"2026-04-15T23:39:44.424Z"}
{"level":"info","message":"⌛ Building environment","timeElapsed":122,"timestamp":"2026-04-15T23:39:44.548Z"}
{"level":"info","message":"⌛ Validating silvestre.wlk","timeElapsed":107,"timestamp":"2026-04-15T23:39:44.656Z"}
{"level":"info","message":"⌛ Validating silvestre.wlk","timeElapsed":102,"timestamp":"2026-04-15T23:39:44.759Z"}
{"level":"info","message":"⌛ Building environment","timeElapsed":103,"timestamp":"2026-04-15T23:39:44.864Z"}
{"level":"info","message":"⌛ Building environment","timeElapsed":136,"timestamp":"2026-04-15T23:39:45.002Z"}
{"level":"error","message":"✘ Failed to rebuild document Failed to parse silvestre.wlk: \n-- PARSING FAILED --------------------------------------------------\n\n   8 |   method image() = \"silvestre.png\"\n   9 | \n> 10 | }\n     | ^\n\nExpected one of the following: \n\n'@', 'class', 'const', 'describe', 'mixin', 'object', 'only', 'package', 'program', 'test', 'var', '{', EOF, comment, not \"}\", whitespace\n","stack":"Error: Failed to parse silvestre.wlk: \n-- PARSING FAILED --------------------------------------------------\n\n   8 |   method image() = \"silvestre.png\"\n   9 | \n> 10 | }\n     | ^\n\nExpected one of the following: \n\n'@', 'class', 'const', 'describe', 'mixin', 'object', 'only', 'package', 'program', 'test', 'var', '{', EOF, comment, not \"}\", whitespace\n\n    at /home/publico/.var/app/com.visualstudio.code/data/vscode/extensions/uqbar.wollok-lsp-ide-0.5.4/out/server/src/server.js:2353:13026\n    at Array.map (<anonymous>)\n    at U1n (/home/publico/.var/app/com.visualstudio.code/data/vscode/extensions/uqbar.wollok-lsp-ide-0.5.4/out/server/src/server.js:2353:12950)\n    at H2.buildEnvironmentFrom (/home/publico/.var/app/com.visualstudio.code/data/vscode/extensions/uqbar.wollok-lsp-ide-0.5.4/out/server/src/server.js:2398:5254)\n    at H2.updateEnvironmentWith (/home/publico/.var/app/com.visualstudio.code/data/vscode/extensions/uqbar.wollok-lsp-ide-0.5.4/out/server/src/server.js:2398:4989)\n    at GF (/home/publico/.var/app/com.visualstudio.code/data/vscode/extensions/uqbar.wollok-lsp-ide-0.5.4/out/server/src/server.js:2398:7383)\n    at V3.invoke (/home/publico/.var/app/com.visualstudio.code/data/vscode/extensions/uqbar.wollok-lsp-ide-0.5.4/out/server/src/server.js:3:157328)\n    at o.fire (/home/publico/.var/app/com.visualstudio.code/data/vscode/extensions/uqbar.wollok-lsp-ide-0.5.4/out/server/src/server.js:3:158098)\n    at /home/publico/.var/app/com.visualstudio.code/data/vscode/extensions/uqbar.wollok-lsp-ide-0.5.4/out/server/src/server.js:37:57871\n    at nd (/home/publico/.var/app/com.visualstudio.code/data/vscode/extensions/uqbar.wollok-lsp-ide-0.5.4/out/server/src/server.js:8:1561)","timestamp":"2026-04-15T23:39:47.553Z"}
{"level":"info","message":"⌛ Building environment","timeElapsed":108,"timestamp":"2026-04-15T23:39:49.827Z"}
{"level":"info","message":"⌛ Building environment","timeElapsed":130,"timestamp":"2026-04-15T23:39:50.221Z"}
{"level":"info","message":"⌛ Building environment","timeElapsed":113,"timestamp":"2026-04-15T23:39:50.972Z"}
{"level":"info","message":"⌛ Building environment","timeElapsed":104,"timestamp":"2026-04-15T23:39:51.213Z"}
{"level":"info","message":"⌛ Validating silvestre.wlk","timeElapsed":141,"timestamp":"2026-04-15T23:39:51.356Z"}
{"level":"info","message":"⌛ Building environment","timeElapsed":102,"timestamp":"2026-04-15T23:39:51.463Z"}
{"level":"info","message":"⌛ Building environment","timeElapsed":112,"timestamp":"2026-04-15T23:39:51.648Z"}
{"level":"info","message":"⌛ Building environment","timeElapsed":103,"timestamp":"2026-04-15T23:39:51.843Z"}
{"level":"info","message":"⌛ Validating silvestre.wlk","timeElapsed":103,"timestamp":"2026-04-15T23:39:51.947Z"}
{"level":"error","message":"✘ Failed to rebuild document Failed to parse silvestre.wlk: \n-- PARSING FAILED --------------------------------------------------\n\n  7 |   method image() = \"silvestre.png\"\n  8 | \n> 9 | }\n    | ^\n\nExpected one of the following: \n\n'@', 'class', 'const', 'describe', 'mixin', 'object', 'only', 'package', 'program', 'test', 'var', '{', EOF, comment, not \"}\", whitespace\n","stack":"Error: Failed to parse silvestre.wlk: \n-- PARSING FAILED --------------------------------------------------\n\n  7 |   method image() = \"silvestre.png\"\n  8 | \n> 9 | }\n    | ^\n\nExpected one of the following: \n\n'@', 'class', 'const', 'describe', 'mixin', 'object', 'only', 'package', 'program', 'test', 'var', '{', EOF, comment, not \"}\", whitespace\n\n    at /home/publico/.var/app/com.visualstudio.code/data/vscode/extensions/uqbar.wollok-lsp-ide-0.5.4/out/server/src/server.js:2353:13026\n    at Array.map (<anonymous>)\n    at U1n (/home/publico/.var/app/com.visualstudio.code/data/vscode/extensions/uqbar.wollok-lsp-ide-0.5.4/out/server/src/server.js:2353:12950)\n    at H2.buildEnvironmentFrom (/home/publico/.var/app/com.visualstudio.code/data/vscode/extensions/uqbar.wollok-lsp-ide-0.5.4/out/server/src/server.js:2398:5254)\n    at H2.updateEnvironmentWith (/home/publico/.var/app/com.visualstudio.code/data/vscode/extensions/uqbar.wollok-lsp-ide-0.5.4/out/server/src/server.js:2398:4989)\n    at GF (/home/publico/.var/app/com.visualstudio.code/data/vscode/extensions/uqbar.wollok-lsp-ide-0.5.4/out/server/src/server.js:2398:7383)\n    at V3.invoke (/home/publico/.var/app/com.visualstudio.code/data/vscode/extensions/uqbar.wollok-lsp-ide-0.5.4/out/server/src/server.js:3:157328)\n    at o.fire (/home/publico/.var/app/com.visualstudio.code/data/vscode/extensions/uqbar.wollok-lsp-ide-0.5.4/out/server/src/server.js:3:158098)\n    at /home/publico/.var/app/com.visualstudio.code/data/vscode/extensions/uqbar.wollok-lsp-ide-0.5.4/out/server/src/server.js:37:57871\n    at nd (/home/publico/.var/app/com.visualstudio.code/data/vscode/extensions/uqbar.wollok-lsp-ide-0.5.4/out/server/src/server.js:8:1561)","timestamp":"2026-04-15T23:39:52.388Z"}
{"level":"error","message":"✘ Failed to rebuild document Failed to parse silvestre.wlk: \n-- PARSING FAILED --------------------------------------------------\n\n  7 |   method image() = \"silvestre.png\"\n  8 | \n> 9 | }\n    | ^\n\nExpected one of the following: \n\n'@', 'class', 'const', 'describe', 'mixin', 'object', 'only', 'package', 'program', 'test', 'var', '{', EOF, comment, not \"}\", whitespace\n","stack":"Error: Failed to parse silvestre.wlk: \n-- PARSING FAILED --------------------------------------------------\n\n  7 |   method image() = \"silvestre.png\"\n  8 | \n> 9 | }\n    | ^\n\nExpected one of the following: \n\n'@', 'class', 'const', 'describe', 'mixin', 'object', 'only', 'package', 'program', 'test', 'var', '{', EOF, comment, not \"}\", whitespace\n\n    at /home/publico/.var/app/com.visualstudio.code/data/vscode/extensions/uqbar.wollok-lsp-ide-0.5.4/out/server/src/server.js:2353:13026\n    at Array.map (<anonymous>)\n    at U1n (/home/publico/.var/app/com.visualstudio.code/data/vscode/extensions/uqbar.wollok-lsp-ide-0.5.4/out/server/src/server.js:2353:12950)\n    at H2.buildEnvironmentFrom (/home/publico/.var/app/com.visualstudio.code/data/vscode/extensions/uqbar.wollok-lsp-ide-0.5.4/out/server/src/server.js:2398:5254)\n    at H2.updateEnvironmentWith (/home/publico/.var/app/com.visualstudio.code/data/vscode/extensions/uqbar.wollok-lsp-ide-0.5.4/out/server/src/server.js:2398:4989)\n    at GF (/home/publico/.var/app/com.visualstudio.code/data/vscode/extensions/uqbar.wollok-lsp-ide-0.5.4/out/server/src/server.js:2398:7383)\n    at V3.invoke (/home/publico/.var/app/com.visualstudio.code/data/vscode/extensions/uqbar.wollok-lsp-ide-0.5.4/out/server/src/server.js:3:157328)\n    at o.fire (/home/publico/.var/app/com.visualstudio.code/data/vscode/extensions/uqbar.wollok-lsp-ide-0.5.4/out/server/src/server.js:3:158098)\n    at /home/publico/.var/app/com.visualstudio.code/data/vscode/extensions/uqbar.wollok-lsp-ide-0.5.4/out/server/src/server.js:37:57871\n    at nd (/home/publico/.var/app/com.visualstudio.code/data/vscode/extensions/uqbar.wollok-lsp-ide-0.5.4/out/server/src/server.js:8:1561)","timestamp":"2026-04-15T23:39:59.318Z"}
{"level":"info","message":"⌛ Building environment","timeElapsed":101,"timestamp":"2026-04-15T23:39:59.771Z"}
{"level":"info","message":"⌛ Building environment","timeElapsed":119,"timestamp":"2026-04-15T23:39:59.931Z"}
{"level":"info","message":"⌛ Building environment","timeElapsed":131,"timestamp":"2026-04-15T23:40:00.158Z"}
{"level":"info","message":"⌛ Building environment","timeElapsed":102,"timestamp":"2026-04-15T23:40:00.352Z"}
{"level":"info","message":"⌛ Building environment","timeElapsed":162,"timestamp":"2026-04-15T23:40:02.308Z"}
{"level":"error","message":"✘ Failed to rebuild document Failed to parse silvestre.wlk: \n-- PARSING FAILED --------------------------------------------------\n\n  7 |   method image() = \"silvestre.png\"\n  8 | \n> 9 | }\n    | ^\n\nExpected one of the following: \n\n'@', 'class', 'const', 'describe', 'mixin', 'object', 'only', 'package', 'program', 'test', 'var', '{', EOF, comment, not \"}\", whitespace\n","stack":"Error: Failed to parse silvestre.wlk: \n-- PARSING FAILED --------------------------------------------------\n\n  7 |   method image() = \"silvestre.png\"\n  8 | \n> 9 | }\n    | ^\n\nExpected one of the following: \n\n'@', 'class', 'const', 'describe', 'mixin', 'object', 'only', 'package', 'program', 'test', 'var', '{', EOF, comment, not \"}\", whitespace\n\n    at /home/publico/.var/app/com.visualstudio.code/data/vscode/extensions/uqbar.wollok-lsp-ide-0.5.4/out/server/src/server.js:2353:13026\n    at Array.map (<anonymous>)\n    at U1n (/home/publico/.var/app/com.visualstudio.code/data/vscode/extensions/uqbar.wollok-lsp-ide-0.5.4/out/server/src/server.js:2353:12950)\n    at H2.buildEnvironmentFrom (/home/publico/.var/app/com.visualstudio.code/data/vscode/extensions/uqbar.wollok-lsp-ide-0.5.4/out/server/src/server.js:2398:5254)\n    at H2.updateEnvironmentWith (/home/publico/.var/app/com.visualstudio.code/data/vscode/extensions/uqbar.wollok-lsp-ide-0.5.4/out/server/src/server.js:2398:4989)\n    at GF (/home/publico/.var/app/com.visualstudio.code/data/vscode/extensions/uqbar.wollok-lsp-ide-0.5.4/out/server/src/server.js:2398:7383)\n    at V3.invoke (/home/publico/.var/app/com.visualstudio.code/data/vscode/extensions/uqbar.wollok-lsp-ide-0.5.4/out/server/src/server.js:3:157328)\n    at o.fire (/home/publico/.var/app/com.visualstudio.code/data/vscode/extensions/uqbar.wollok-lsp-ide-0.5.4/out/server/src/server.js:3:158098)\n    at /home/publico/.var/app/com.visualstudio.code/data/vscode/extensions/uqbar.wollok-lsp-ide-0.5.4/out/server/src/server.js:37:57871\n    at nd (/home/publico/.var/app/com.visualstudio.code/data/vscode/extensions/uqbar.wollok-lsp-ide-0.5.4/out/server/src/server.js:8:1561)","timestamp":"2026-04-15T23:40:03.089Z"}
{"level":"info","message":"⌛ Building environment","timeElapsed":108,"timestamp":"2026-04-15T23:40:04.915Z"}
{"level":"info","message":"⌛ Building environment","timeElapsed":119,"timestamp":"2026-04-15T23:41:16.052Z"}
{"level":"info","message":"⌛ Building environment","timeElapsed":103,"timestamp":"2026-04-15T23:41:17.016Z"}
{"error":["wollok.lang.EvaluationError: Error: Could not resolve reference to silvestre","  at pepitaMain.PepitaGame [pepitaMain.wpgm:14]"],"level":"info","message":"🚀 Program executed \u001b[3m\u001b[34mpepitaMain.PepitaGame\u001b[39m\u001b[23m on \u001b[3m\u001b[34m/home/publico/Descargas/eljuegodepepita-TomasHRomero\u001b[39m\u001b[23m","ok":false,"timeElapsed":651,"timestamp":"2026-04-15T23:41:39.283Z"}
{"level":"info","message":"⌛ Building environment","timeElapsed":139,"timestamp":"2026-04-15T23:47:25.234Z"}
{"level":"info","message":"⌛ Building environment","timeElapsed":146,"timestamp":"2026-04-15T23:47:26.207Z"}
{"level":"info","message":"⌛ Building environment","timeElapsed":156,"timestamp":"2026-04-15T23:47:26.491Z"}
{"level":"info","message":"⌛ Building environment","timeElapsed":126,"timestamp":"2026-04-15T23:47:27.175Z"}
{"level":"info","message":"⌛ Validating pepitaMain.wpgm","timeElapsed":109,"timestamp":"2026-04-15T23:47:27.287Z"}
{"level":"info","message":"⌛ Building environment","timeElapsed":137,"timestamp":"2026-04-15T23:47:27.425Z"}
{"level":"info","message":"⌛ Building environment","timeElapsed":129,"timestamp":"2026-04-15T23:47:27.557Z"}
{"level":"info","message":"⌛ Building environment","timeElapsed":124,"timestamp":"2026-04-15T23:47:27.886Z"}
{"level":"info","message":"⌛ Validating pepitaMain.wpgm","timeElapsed":105,"timestamp":"2026-04-15T23:47:27.994Z"}
{"level":"info","message":"⌛ Building environment","timeElapsed":126,"timestamp":"2026-04-15T23:47:28.122Z"}
{"level":"info","message":"⌛ Building environment","timeElapsed":127,"timestamp":"2026-04-15T23:47:28.754Z"}
{"level":"info","message":"⌛ Building environment","timeElapsed":101,"timestamp":"2026-04-15T23:47:28.992Z"}
{"level":"info","message":"⌛ Validating pepitaMain.wpgm","timeElapsed":111,"timestamp":"2026-04-15T23:47:29.105Z"}
{"level":"info","message":"⌛ Building environment","timeElapsed":152,"timestamp":"2026-04-15T23:47:29.258Z"}
{"level":"info","message":"⌛ Building environment","timeElapsed":128,"timestamp":"2026-04-15T23:47:29.387Z"}
{"level":"info","message":"⌛ Validating pepitaMain.wpgm","timeElapsed":116,"timestamp":"2026-04-15T23:47:29.630Z"}
{"level":"info","message":"⌛ Building environment","timeElapsed":106,"timestamp":"2026-04-15T23:47:30.072Z"}
{"level":"info","message":"⌛ Building environment","timeElapsed":111,"timestamp":"2026-04-15T23:47:30.287Z"}
{"level":"info","message":"⌛ Building environment","timeElapsed":112,"timestamp":"2026-04-15T23:47:34.345Z"}
{"level":"info","message":"⌛ Validating pepitaMain.wpgm","timeElapsed":173,"timestamp":"2026-04-15T23:47:34.567Z"}
{"level":"info","message":"⌛ Building environment","timeElapsed":119,"timestamp":"2026-04-15T23:47:35.116Z"}
{"level":"info","message":"⌛ Building environment","timeElapsed":112,"timestamp":"2026-04-15T23:47:40.045Z"}
{"level":"info","message":"⌛ Building environment","timeElapsed":116,"timestamp":"2026-04-15T23:47:40.584Z"}
{"error":["wollok.lang.EvaluationError: Error: Could not resolve reference to silvestre","  at pepitaMain.PepitaGame [pepitaMain.wpgm:14]"],"level":"info","message":"🚀 Program executed \u001b[3m\u001b[34mpepitaMain.PepitaGame\u001b[39m\u001b[23m on \u001b[3m\u001b[34m/home/publico/Descargas/eljuegodepepita-TomasHRomero\u001b[39m\u001b[23m","ok":false,"timeElapsed":576,"timestamp":"2026-04-15T23:50:40.765Z"}
{"level":"info","message":"⌛ Building environment","timeElapsed":128,"timestamp":"2026-04-15T23:56:56.551Z"}
{"level":"info","message":"⌛ Validating src/comidas.wlk","timeElapsed":236,"timestamp":"2026-04-15T23:56:56.817Z"}
{"level":"info","message":"⌛ Building environment","timeElapsed":113,"timestamp":"2026-04-15T23:57:01.677Z"}
{"level":"info","message":"⌛ Validating src/extras.wlk","timeElapsed":208,"timestamp":"2026-04-15T23:57:01.896Z"}
{"level":"info","message":"⌛ Validating src/extras.wlk","timeElapsed":103,"timestamp":"2026-04-15T23:57:12.851Z"}
{"level":"info","message":"⌛ Building environment","timeElapsed":120,"timestamp":"2026-04-15T23:57:21.027Z"}
{"level":"info","message":"⌛ Validating src/pepita.wlk","timeElapsed":210,"timestamp":"2026-04-15T23:57:21.247Z"}
{"level":"error","message":"✘ Failed to rebuild document Failed to parse src/pepita.wlk: \n-- PARSING FAILED --------------------------------------------------\n\n  15 | \t}\n  16 | \n> 17 | }\n     | ^\n  18 | \n  19 | \n\nExpected one of the following: \n\n'@', 'class', 'const', 'describe', 'mixin', 'object', 'only', 'package', 'program', 'test', 'var', '{', EOF, comment, not \"}\n\n\", whitespace\n","stack":"Error: Failed to parse src/pepita.wlk: \n-- PARSING FAILED --------------------------------------------------\n\n  15 | \t}\n  16 | \n> 17 | }\n     | ^\n  18 | \n  19 | \n\nExpected one of the following: \n\n'@', 'class', 'const', 'describe', 'mixin', 'object', 'only', 'package', 'program', 'test', 'var', '{', EOF, comment, not \"}\n\n\", whitespace\n\n    at /home/publico/.var/app/com.visualstudio.code/data/vscode/extensions/uqbar.wollok-lsp-ide-0.5.4/out/server/src/server.js:2353:13026\n    at Array.map (<anonymous>)\n    at U1n (/home/publico/.var/app/com.visualstudio.code/data/vscode/extensions/uqbar.wollok-lsp-ide-0.5.4/out/server/src/server.js:2353:12950)\n    at H2.buildEnvironmentFrom (/home/publico/.var/app/com.visualstudio.code/data/vscode/extensions/uqbar.wollok-lsp-ide-0.5.4/out/server/src/server.js:2398:5254)\n    at H2.updateEnvironmentWith (/home/publico/.var/app/com.visualstudio.code/data/vscode/extensions/uqbar.wollok-lsp-ide-0.5.4/out/server/src/server.js:2398:4989)\n    at GF (/home/publico/.var/app/com.visualstudio.code/data/vscode/extensions/uqbar.wollok-lsp-ide-0.5.4/out/server/src/server.js:2398:7383)\n    at V3.invoke (/home/publico/.var/app/com.visualstudio.code/data/vscode/extensions/uqbar.wollok-lsp-ide-0.5.4/out/server/src/server.js:3:157328)\n    at o.fire (/home/publico/.var/app/com.visualstudio.code/data/vscode/extensions/uqbar.wollok-lsp-ide-0.5.4/out/server/src/server.js:3:158098)\n    at /home/publico/.var/app/com.visualstudio.code/data/vscode/extensions/uqbar.wollok-lsp-ide-0.5.4/out/server/src/server.js:37:57871\n    at nd (/home/publico/.var/app/com.visualstudio.code/data/vscode/extensions/uqbar.wollok-lsp-ide-0.5.4/out/server/src/server.js:8:1561)","timestamp":"2026-04-15T23:57:52.197Z"}
{"level":"info","message":"⌛ Building environment","timeElapsed":111,"timestamp":"2026-04-15T23:57:54.926Z"}
{"level":"info","message":"⌛ Validating src/pepita.wlk","timeElapsed":103,"timestamp":"2026-04-15T23:57:55.043Z"}
{"level":"info","message":"⌛ Building environment","timeElapsed":137,"timestamp":"2026-04-15T23:57:58.738Z"}
{"level":"info","message":"⌛ Validating src/pepita.wlk","timeElapsed":111,"timestamp":"2026-04-15T23:57:58.850Z"}
{"level":"info","message":"⌛ Building environment","timeElapsed":104,"timestamp":"2026-04-15T23:57:58.955Z"}
{"level":"info","message":"⌛ Validating src/pepita.wlk","timeElapsed":108,"timestamp":"2026-04-15T23:57:59.065Z"}
{"level":"info","message":"⌛ Building environment","timeElapsed":124,"timestamp":"2026-04-15T23:58:02.745Z"}
{"level":"info","message":"⌛ Building environment","timeElapsed":107,"timestamp":"2026-04-15T23:58:03.778Z"}
{"level":"info","message":"⌛ Validating src/pepita.wlk","timeElapsed":116,"timestamp":"2026-04-15T23:58:03.896Z"}
{"level":"info","message":"⌛ Building environment","timeElapsed":107,"timestamp":"2026-04-15T23:58:08.003Z"}
{"level":"info","message":"⌛ Building environment","timeElapsed":110,"timestamp":"2026-04-15T23:58:08.324Z"}
{"level":"info","message":"⌛ Building environment","timeElapsed":103,"timestamp":"2026-04-15T23:58:18.262Z"}
{"level":"info","message":"⌛ Building environment","timeElapsed":109,"timestamp":"2026-04-15T23:58:21.164Z"}
{"level":"info","message":"⌛ Building environment","timeElapsed":123,"timestamp":"2026-04-15T23:58:21.526Z"}
{"level":"info","message":"⌛ Building environment","timeElapsed":106,"timestamp":"2026-04-15T23:58:23.261Z"}
{"level":"info","message":"⌛ Building environment","timeElapsed":110,"timestamp":"2026-04-15T23:58:32.362Z"}
{"level":"info","message":"⌛ Validating silvestre.wlk","timeElapsed":226,"timestamp":"2026-04-16T00:00:15.172Z"}
{"level":"info","message":"⌛ Validating silvestre.wlk","timeElapsed":194,"timestamp":"2026-04-16T00:00:22.803Z"}
{"level":"info","message":"⌛ Building environment","timeElapsed":213,"timestamp":"2026-04-16T00:00:47.631Z"}
{"level":"info","message":"⌛ Building environment","timeElapsed":140,"timestamp":"2026-04-16T00:00:47.772Z"}
{"level":"info","message":"⌛ Building environment","timeElapsed":111,"timestamp":"2026-04-16T00:00:47.969Z"}
{"level":"info","message":"Removing diagnostics from /home/publico/Descargas/eljuegodepepita-TomasHRomero/silvestre.wlk","timestamp":"2026-04-16T00:00:47.970Z"}
{"level":"info","message":"⌛ Building environment","timeElapsed":150,"timestamp":"2026-04-16T00:00:48.122Z"}
{"level":"info","message":"⌛ Building environment","timeElapsed":103,"timestamp":"2026-04-16T00:00:48.226Z"}
{"level":"info","message":"⌛ Building environment","timeElapsed":147,"timestamp":"2026-04-16T00:00:48.375Z"}
{"level":"info","message":"⌛ Validating pepita.wlk","timeElapsed":166,"timestamp":"2026-04-16T00:00:48.542Z"}
{"level":"info","message":"⌛ Validating src/comidas.wlk","timeElapsed":181,"timestamp":"2026-04-16T00:00:48.727Z"}
{"level":"info","message":"⌛ Validating src/pepitaTest.wtest","timeElapsed":179,"timestamp":"2026-04-16T00:00:48.906Z"}
{"level":"info","message":"⌛ Validating src/randomizer.wlk","timeElapsed":170,"timestamp":"2026-04-16T00:00:49.085Z"}
{"level":"info","message":"⌛ Building environment","timeElapsed":230,"timestamp":"2026-04-16T00:01:06.357Z"}
{"level":"info","message":"⌛ Building environment","timeElapsed":167,"timestamp":"2026-04-16T00:01:06.525Z"}
{"level":"info","message":"Removing diagnostics from /home/publico/Descargas/eljuegodepepita-TomasHRomero/pepita.wlk","timestamp":"2026-04-16T00:01:06.625Z"}
